[debug] [2021-09-15T22:50:01.549Z] ----------------------------------------------------------------------
[debug] [2021-09-15T22:50:01.550Z] Command:       C:\Program Files\nodejs\node.exe C:\Users\user\AppData\Roaming\npm\node_modules\firebase-tools\lib\bin\firebase.js init
[debug] [2021-09-15T22:50:01.551Z] CLI Version:   9.18.0
[debug] [2021-09-15T22:50:01.551Z] Platform:      win32
[debug] [2021-09-15T22:50:01.551Z] Node Version:  v16.9.1
[debug] [2021-09-15T22:50:01.551Z] Time:          Thu Sep 16 2021 04:20:01 GMT+0530 (India Standard Time)
[debug] [2021-09-15T22:50:01.551Z] ----------------------------------------------------------------------
[debug] 
[debug] [2021-09-15T22:50:01.608Z] > command requires scopes: ["email","openid","https://www.googleapis.com/auth/cloudplatformprojects.readonly","https://www.googleapis.com/auth/firebase","https://www.googleapis.com/auth/cloud-platform"]
[debug] [2021-09-15T22:50:01.608Z] > authorizing via signed-in user (ankitbiswal123@gmail.com)
[info] 
     ######## #### ########  ######## ########     ###     ######  ########
     ##        ##  ##     ## ##       ##     ##  ##   ##  ##       ##
     ######    ##  ########  ######   ########  #########  ######  ######
     ##        ##  ##    ##  ##       ##     ## ##     ##       ## ##
     ##       #### ##     ## ######## ########  ##     ##  ######  ########

You're about to initialize a Firebase project in this directory:

  C:\Users\user\OneDrive\Documents\PRO_FREE\portfolio-web

Before we get started, keep in mind:

  * You are initializing within an existing Firebase project directory

[info] 
=== Project Setup
[info] 
[info] First, let's associate this project directory with a Firebase project.
[info] You can create multiple project aliases by running firebase use --add, 
[info] but for now we'll just set up a default project.
[info] 
[info] i  .firebaserc already has a default project, using ankit-web-123. 
[debug] [2021-09-15T22:50:10.666Z] > refreshing access token with scopes: []
[debug] [2021-09-15T22:50:10.667Z] >>> HTTP REQUEST POST https://www.googleapis.com/oauth2/v3/token  
 <request body omitted>
[debug] [2021-09-15T22:50:12.348Z] <<< HTTP RESPONSE 200 {"cache-control":"no-cache, no-store, max-age=0, must-revalidate","pragma":"no-cache","date":"Wed, 15 Sep 2021 22:50:12 GMT","expires":"Mon, 01 Jan 1990 00:00:00 GMT","content-type":"application/json; charset=utf-8","vary":"X-Origin, Referer, Origin,Accept-Encoding","server":"scaffolding on HTTPServer2","x-xss-protection":"0","x-frame-options":"SAMEORIGIN","x-content-type-options":"nosniff","alt-svc":"h3=\":443\"; ma=2592000,h3-29=\":443\"; ma=2592000,h3-T051=\":443\"; ma=2592000,h3-Q050=\":443\"; ma=2592000,h3-Q046=\":443\"; ma=2592000,h3-Q043=\":443\"; ma=2592000,quic=\":443\"; ma=2592000; v=\"46,43\"","accept-ranges":"none","transfer-encoding":"chunked"}
[debug] [2021-09-15T22:50:12.364Z] >>> [apiv2][query] GET https://firebase.googleapis.com/v1beta1/projects/ankit-web-123 [none]
[debug] [2021-09-15T22:50:13.104Z] <<< [apiv2][status] GET https://firebase.googleapis.com/v1beta1/projects/ankit-web-123 200
[debug] [2021-09-15T22:50:13.104Z] <<< [apiv2][body] GET https://firebase.googleapis.com/v1beta1/projects/ankit-web-123 {"projectId":"ankit-web-123","projectNumber":"253581304307","displayName":"ankit-web-123","name":"projects/ankit-web-123","resources":{"hostingSite":"ankit-web-123"},"state":"ACTIVE"}
[info] 
=== Hosting:github Setup
[info] 
[info] i  Detected a .git folder at C:\Users\user\OneDrive\Documents\PRO_FREE\portfolio-web 
[info] i  Authorizing with GitHub to upload your service account to a GitHub repository's secrets store. 
[info] 
[info] Visit this URL on this device to log in:
[info] https://github.com/login/oauth/authorize?client_id=89cf50f02ac6aaed3484&state=427029233&redirect_uri=http%3A%2F%2Flocalhost%3A9005&scope=read%3Auser%20repo%20public_repo
[info] 
[info] Waiting for authentication...
[debug] [2021-09-15T22:50:49.869Z] >>> HTTP REQUEST POST https://github.com/login/oauth/access_token  
 {"client_id":"89cf50f02ac6aaed3484","client_secret":"3330d14abc895d9a74d5f17cd7a00711fa2c5bf0","code":"1fa246b7bae7a211c965","redirect_uri":"http://localhost:9005","state":"427029233"}
[debug] [2021-09-15T22:50:50.718Z] <<< HTTP RESPONSE 200 {"server":"GitHub.com","date":"Wed, 15 Sep 2021 22:50:51 GMT","content-type":"application/json; charset=utf-8","transfer-encoding":"chunked","vary":"X-PJAX, X-PJAX-Container, Accept-Encoding, Accept, X-Requested-With","permissions-policy":"interest-cohort=()","etag":"W/\"8d12b6abeb0c33e62ea305dde9922a3d\"","cache-control":"max-age=0, private, must-revalidate","strict-transport-security":"max-age=31536000; includeSubdomains; preload","x-frame-options":"deny","x-content-type-options":"nosniff","x-xss-protection":"0","referrer-policy":"origin-when-cross-origin, strict-origin-when-cross-origin","expect-ct":"max-age=2592000, report-uri=\"https://api.github.com/_private/browser/errors\"","content-security-policy":"default-src 'none'; base-uri 'self'; block-all-mixed-content; connect-src 'self' uploads.github.com www.githubstatus.com collector.githubapp.com api.github.com github-cloud.s3.amazonaws.com github-production-repository-file-5c1aeb.s3.amazonaws.com github-production-upload-manifest-file-7fdce7.s3.amazonaws.com github-production-user-asset-6210df.s3.amazonaws.com cdn.optimizely.com logx.optimizely.com/v1/events translator.github.com wss://alive.github.com; font-src github.githubassets.com; form-action 'self' github.com gist.github.com; frame-ancestors 'none'; frame-src render.githubusercontent.com viewscreen.githubusercontent.com; img-src 'self' data: github.githubassets.com identicons.github.com collector.githubapp.com github-cloud.s3.amazonaws.com secured-user-images.githubusercontent.com/ *.githubusercontent.com; manifest-src 'self'; media-src github.com user-images.githubusercontent.com/; script-src github.githubassets.com; style-src 'unsafe-inline' github.githubassets.com; worker-src github.com/socket-worker-0af8a29d.js gist.github.com/socket-worker-0af8a29d.js","x-github-request-id":"75E0:791C:2A404:35C78:614278CA"}
[debug] [2021-09-15T22:50:50.721Z] >>> [apiv2][query] GET https://api.github.com/user [none]
[debug] [2021-09-15T22:50:51.676Z] <<< [apiv2][status] GET https://api.github.com/user 200
[debug] [2021-09-15T22:50:51.676Z] <<< [apiv2][body] GET https://api.github.com/user {"login":"Ankit2540","id":49713110,"node_id":"MDQ6VXNlcjQ5NzEzMTEw","avatar_url":"https://avatars.githubusercontent.com/u/49713110?v=4","gravatar_id":"","url":"https://api.github.com/users/Ankit2540","html_url":"https://github.com/Ankit2540","followers_url":"https://api.github.com/users/Ankit2540/followers","following_url":"https://api.github.com/users/Ankit2540/following{/other_user}","gists_url":"https://api.github.com/users/Ankit2540/gists{/gist_id}","starred_url":"https://api.github.com/users/Ankit2540/starred{/owner}{/repo}","subscriptions_url":"https://api.github.com/users/Ankit2540/subscriptions","organizations_url":"https://api.github.com/users/Ankit2540/orgs","repos_url":"https://api.github.com/users/Ankit2540/repos","events_url":"https://api.github.com/users/Ankit2540/events{/privacy}","received_events_url":"https://api.github.com/users/Ankit2540/received_events","type":"User","site_admin":false,"name":"Ankit Biswal","company":null,"blog":"","location":"cuttack,","email":null,"hireable":null,"bio":null,"twitter_username":null,"public_repos":10,"public_gists":1,"followers":0,"following":2,"created_at":"2019-04-17T08:35:09Z","updated_at":"2021-09-01T14:55:54Z","private_gists":0,"total_private_repos":1,"owned_private_repos":1,"disk_usage":23328,"collaborators":0,"two_factor_authentication":false,"plan":{"name":"free","space":976562499,"collaborators":0,"private_repos":10000}}
[info] 
[info] +  Success! Logged into GitHub as Ankit2540 
[info] 
